<?xml version="1.0" encoding="UTF-8"?>
<testng-results skipped="0" failed="0" ignored="0" total="1" passed="1">
  <reporter-output>
  </reporter-output>
  <suite name="Default suite" duration-ms="4313" started-at="2021-08-25T16:33:11Z" finished-at="2021-08-25T16:33:16Z">
    <groups>
    </groups>
    <test name="Default test" duration-ms="4313" started-at="2021-08-25T16:33:11Z" finished-at="2021-08-25T16:33:16Z">
      <class name="selenium.CookiesExample">
        <test-method status="PASS" signature="myFunction()[pri:0, instance:selenium.CookiesExample@4278a03f]" name="myFunction" duration-ms="4262" started-at="2021-08-25T16:33:11Z" finished-at="2021-08-25T16:33:16Z">
          <reporter-output>
          </reporter-output>
        </test-method> <!-- myFunction -->
      </class> <!-- selenium.CookiesExample -->
    </test> <!-- Default test -->
  </suite> <!-- Default suite -->
</testng-results>
